Log file open, 02/18/19 18:35:43
LogWindows: Failed to load 'aqProf.dll' (GetLastError=126)
LogWindows: File 'aqProf.dll' does not exist
LogWindows: Failed to load 'VSPerf140.dll' (GetLastError=126)
LogWindows: File 'VSPerf140.dll' does not exist
LogWindows: Failed to load 'VtuneApi.dll' (GetLastError=126)
LogWindows: File 'VtuneApi.dll' does not exist
LogWindows: Failed to load 'VtuneApi32e.dll' (GetLastError=126)
LogWindows: File 'VtuneApi32e.dll' does not exist
LogInit: Display: Running engine for game: rpg_ow
LogPlatformFile: Not using cached read wrapper
LogTaskGraph: Started task graph with 5 named threads and 20 total threads with 3 sets of task threads.
LogStats: Stats thread started at 0.230836
LogD3D11RHI: Loaded GFSDK_Aftermath_Lib.x64.dll
LogICUInternationalization: Display: ICU TimeZone Detection - Raw Offset: +1:00, Platform Override: ''
LogPluginManager: Mounting plugin Paper2D
LogPluginManager: Mounting plugin AISupport
LogPluginManager: Mounting plugin LightPropagationVolume
LogPluginManager: Mounting plugin CLionSourceCodeAccess
LogPluginManager: Mounting plugin CodeLiteSourceCodeAccess
LogPluginManager: Mounting plugin GitSourceControl
LogPluginManager: Mounting plugin KDevelopSourceCodeAccess
LogPluginManager: Mounting plugin NullSourceCodeAccess
LogPluginManager: Mounting plugin PerforceSourceControl
LogPluginManager: Mounting plugin SubversionSourceControl
LogPluginManager: Mounting plugin UObjectPlugin
LogPluginManager: Mounting plugin VisualStudioCodeSourceCodeAccess
LogPluginManager: Mounting plugin VisualStudioSourceCodeAccess
LogPluginManager: Mounting plugin XCodeSourceCodeAccess
LogPluginManager: Mounting plugin AssetManagerEditor
LogPluginManager: Mounting plugin CryptoKeys
LogPluginManager: Mounting plugin DataValidation
LogPluginManager: Mounting plugin FacialAnimation
LogPluginManager: Mounting plugin GameplayTagsEditor
LogPluginManager: Mounting plugin MacGraphicsSwitching
LogPluginManager: Mounting plugin MeshEditor
LogPluginManager: Mounting plugin MobileLauncherProfileWizard
LogPluginManager: Mounting plugin PluginBrowser
LogPluginManager: Mounting plugin SpeedTreeImporter
LogPluginManager: Mounting plugin DatasmithContent
LogPluginManager: Mounting plugin AlembicImporter
LogPluginManager: Mounting plugin AppleImageUtils
LogPluginManager: Mounting plugin AppleVision
LogPluginManager: Mounting plugin BackChannel
LogPluginManager: Mounting plugin CharacterAI
LogPluginManager: Mounting plugin GeometryCache
LogPluginManager: Mounting plugin HTML5Networking
LogPluginManager: Mounting plugin ProxyLODPlugin
LogPluginManager: Mounting plugin MagicLeap
LogPluginManager: Mounting plugin MagicLeapEmulator
LogPluginManager: Mounting plugin MagicLeapMedia
LogPluginManager: Mounting plugin AndroidMedia
LogPluginManager: Mounting plugin AvfMedia
LogPluginManager: Mounting plugin ImgMedia
LogPluginManager: Mounting plugin LinearTimecode
LogPluginManager: Mounting plugin MediaCompositing
LogPluginManager: Mounting plugin MediaPlayerEditor
LogPluginManager: Mounting plugin WmfMedia
LogPluginManager: Mounting plugin TcpMessaging
LogPluginManager: Mounting plugin UdpMessaging
LogPluginManager: Mounting plugin ActorSequence
LogPluginManager: Mounting plugin LevelSequenceEditor
LogPluginManager: Mounting plugin MatineeToLevelSequence
LogPluginManager: Mounting plugin NetcodeUnitTest
LogPluginManager: Mounting plugin NUTUnrealEngine4
LogPluginManager: Mounting plugin OnlineSubsystemGooglePlay
LogPluginManager: Mounting plugin OnlineSubsystemIOS
LogPluginManager: Mounting plugin OnlineSubsystem
LogPluginManager: Mounting plugin OnlineSubsystemNull
LogPluginManager: Mounting plugin OnlineSubsystemUtils
LogPluginManager: Mounting plugin LauncherChunkInstaller
LogPluginManager: Mounting plugin AndroidDeviceProfileSelector
LogPluginManager: Mounting plugin AndroidMoviePlayer
LogPluginManager: Mounting plugin AndroidPermission
LogPluginManager: Mounting plugin AppleMoviePlayer
LogPluginManager: Mounting plugin ArchVisCharacter
LogPluginManager: Mounting plugin AudioCapture
LogPluginManager: Mounting plugin CableComponent
LogPluginManager: Mounting plugin CustomMeshComponent
LogPluginManager: Mounting plugin EditableMesh
LogPluginManager: Mounting plugin ExampleDeviceProfileSelector
LogPluginManager: Mounting plugin GoogleCloudMessaging
LogPluginManager: Mounting plugin ImmediatePhysics
LogPluginManager: Mounting plugin IOSDeviceProfileSelector
LogPluginManager: Mounting plugin LinuxDeviceProfileSelector
LogPluginManager: Mounting plugin LocationServicesBPLibrary
LogPluginManager: Mounting plugin MobilePatchingUtils
LogPluginManager: Mounting plugin OculusVR
LogPluginManager: Plugin shader directory ../../../Engine/Plugins/Runtime/Oculus/OculusVR/Shaders found
LogPluginManager: Mapping shader source directory ../../../Engine/Plugins/Runtime/Oculus/OculusVR/Shaders to virtual directory /Plugin/OculusVR
LogPluginManager: Mounting plugin PhysXVehicles
LogPluginManager: Mounting plugin ProceduralMeshComponent
LogPluginManager: Mounting plugin RuntimePhysXCooking
LogPluginManager: Mounting plugin SteamVR
LogPluginManager: Mounting plugin WindowsMoviePlayer
LogStreaming: Display: Took  0.073s to configure plugins.
LogInit: Using libcurl 7.55.1-DEV
LogInit:  - built for x86_64-pc-win32
LogInit:  - supports SSL with OpenSSL/1.0.2h
LogInit:  - supports HTTP deflate (compression) using libz 1.2.8
LogInit:  - other features:
LogInit:      CURL_VERSION_SSL
LogInit:      CURL_VERSION_LIBZ
LogInit:      CURL_VERSION_IPV6
LogInit:      CURL_VERSION_ASYNCHDNS
LogInit:      CURL_VERSION_LARGEFILE
LogInit:      CURL_VERSION_IDN
LogInit:  CurlRequestOptions (configurable via config and command line):
LogInit:  - bVerifyPeer = false  - Libcurl will NOT verify peer certificate
LogInit:  - bUseHttpProxy = false  - Libcurl will NOT use HTTP proxy
LogInit:  - bDontReuseConnections = false  - Libcurl will reuse connections
LogInit:  - CertBundlePath = nullptr  - Libcurl will use whatever was configured at build time.
LogInit:  - MaxHostConnections = 16  - Libcurl will limit the number of connections to a host
LogInit:  - LocalHostAddr = Default
LogInit:  - BufferSize = 65536
LogInit: WinSock: version 1.1 (2.2), MaxSocks=32767, MaxUdp=65467
LogInit: Build: ++UE4+Release-4.20-CL-4302132
LogInit: Engine Version: 4.20.2-4302132+++UE4+Release-4.20
LogInit: Compatible Engine Version: 4.20.0-4212847+++UE4+Release-4.20
LogInit: Net CL: 4212847
LogInit: OS: Windows 10 (), CPU: Intel(R) Core(TM) i5-8500 CPU @ 3.00GHz, GPU: NVIDIA GeForce GTX 1050 Ti
LogInit: Compiled (64-bit): Aug 21 2018 02:06:06
LogInit: Compiled with Visual C++: 19.13.26129.00
LogInit: Build Configuration: Development
LogInit: Branch Name: ++UE4+Release-4.20
LogInit: Command Line:  
LogInit: Base Directory: D:/Program Files/Unreal_Engine/UE_4.20/Engine/Binaries/Win64/
LogInit: Installed Engine Build: 1
LogDevObjectVersion: Number of dev versions registered: 20
LogDevObjectVersion:   Dev-Blueprints (B0D832E4-1F89-4F0D-ACCF-7EB736FD4AA2): 10
LogDevObjectVersion:   Dev-Build (E1C64328-A22C-4D53-A36C-8E866417BD8C): 0
LogDevObjectVersion:   Dev-Core (375EC13C-06E4-48FB-B500-84F0262A717E): 2
LogDevObjectVersion:   Dev-Editor (E4B068ED-F494-42E9-A231-DA0B2E46BB41): 24
LogDevObjectVersion:   Dev-Framework (CFFC743F-43B0-4480-9391-14DF171D2073): 34
LogDevObjectVersion:   Dev-Mobile (B02B49B5-BB20-44E9-A304-32B752E40360): 2
LogDevObjectVersion:   Dev-Networking (A4E4105C-59A1-49B5-A7C5-40C4547EDFEE): 0
LogDevObjectVersion:   Dev-Online (39C831C9-5AE6-47DC-9A44-9C173E1C8E7C): 0
LogDevObjectVersion:   Dev-Physics (78F01B33-EBEA-4F98-B9B4-84EACCB95AA2): 0
LogDevObjectVersion:   Dev-Platform (6631380F-2D4D-43E0-8009-CF276956A95A): 0
LogDevObjectVersion:   Dev-Rendering (12F88B9F-8875-4AFC-A67C-D90C383ABD29): 26
LogDevObjectVersion:   Dev-Sequencer (7B5AE74C-D270-4C10-A958-57980B212A5A): 9
LogDevObjectVersion:   Dev-VR (D7296918-1DD6-4BDD-9DE2-64A83CC13884): 2
LogDevObjectVersion:   Dev-LoadTimes (C2A15278-BFE7-4AFE-6C17-90FF531DF755): 1
LogDevObjectVersion:   Private-Geometry (6EACA3D4-40EC-4CC1-B786-8BED09428FC5): 3
LogDevObjectVersion:   Dev-AnimPhys (29E575DD-E0A3-4627-9D10-D276232CDCEA): 17
LogDevObjectVersion:   Dev-ReflectionCapture (6B266CEC-1EC7-4B8F-A30B-E4D90942FC07): 1
LogDevObjectVersion:   Dev-Automation (0DF73D61-A23F-47EA-B727-89E90C41499A): 1
LogDevObjectVersion:   FortniteMain (601D1886-AC64-4F84-AA16-D3DE0DEAC7D6): 12
LogDevObjectVersion:   Dev-Enterprise (9DFFBCD6-494F-0158-E221-12823C92A888): 1
LogStreaming: Display: Took  0.001s to delete old logs.
LogInit: Presizing for max 8388607 objects, including 0 objects not considered by GC, pre-allocating 0 bytes for permanent pool.
LogInit: Object subsystem initialized
[2019.02.18-17.35.43:805][  0]LogInit: Selected Device Profile: [Windows]
[2019.02.18-17.35.43:805][  0]LogInit: Applying CVar settings loaded from the selected device profile: [Windows]
[2019.02.18-17.35.43:838][  0]LogHAL: Display: Platform has ~ 8 GB [8529817600 / 8589934592 / 8], which maps to Default [LargestMinGB=32, LargerMinGB=12, DefaultMinGB=8, SmallerMinGB=6, SmallestMinGB=0)
[2019.02.18-17.35.43:838][  0]LogInit: Setting Device Profile CVar: [[r.Vulkan.UseRealUBs:1]]
[2019.02.18-17.35.43:838][  0]LogInit: Going up to parent DeviceProfile []
[2019.02.18-17.35.43:838][  0]LogInit: Computer: DESKTOP-9DHJTB7
[2019.02.18-17.35.43:838][  0]LogInit: User: Skiadrum
[2019.02.18-17.35.43:838][  0]LogInit: CPU Page size=4096, Cores=6
[2019.02.18-17.35.43:838][  0]LogInit: High frequency timer resolution =2.929689 MHz
[2019.02.18-17.35.43:838][  0]LogMemory: Memory total: Physical=7.9GB (8GB approx)
[2019.02.18-17.35.43:838][  0]LogMemory: Platform Memory Stats for Windows
[2019.02.18-17.35.43:838][  0]LogMemory: Process Physical Memory: 100.30 MB used, 100.30 MB peak
[2019.02.18-17.35.43:838][  0]LogMemory: Process Virtual Memory: 84.69 MB used, 84.69 MB peak
[2019.02.18-17.35.43:838][  0]LogMemory: Physical Memory: 2991.39 MB used,  5143.28 MB free, 8134.67 MB total
[2019.02.18-17.35.43:838][  0]LogMemory: Virtual Memory: 4630.16 MB used,  5143.28 MB free, 134217728.00 MB total
[2019.02.18-17.35.43:854][  0]LogInit: Using OS detected language (pl-PL).
[2019.02.18-17.35.43:854][  0]LogInit: Using OS detected locale (pl-PL).
[2019.02.18-17.35.43:855][  0]LogTextLocalizationManager: No specific localization for 'pl-PL' exists, so the 'pl' localization will be used.
[2019.02.18-17.35.43:856][  0]LogStreaming: Display: Took  0.002s to InitEngineTextLocalization.
[2019.02.18-17.35.43:856][  0]LogInit: Setting process to per monitor DPI aware
[2019.02.18-17.35.43:876][  0]LogSlate: New Slate User Created.  User Index 0, Is Virtual User: 0
[2019.02.18-17.35.43:876][  0]LogSlate: Slate User Registered.  User Index 0, Is Virtual User: 0
[2019.02.18-17.35.44:015][  0]LogHMD: Failed to initialize OpenVR with code 110
[2019.02.18-17.35.44:015][  0]LogD3D11RHI: D3D11 adapters:
[2019.02.18-17.35.44:066][  0]LogD3D11RHI:    0. 'NVIDIA GeForce GTX 1050 Ti' (Feature Level 11_0)
[2019.02.18-17.35.44:066][  0]LogD3D11RHI:       4018/0/4067 MB DedicatedVideo/DedicatedSystem/SharedSystem, Outputs:1, VendorId:0x10de
[2019.02.18-17.35.44:067][  0]LogD3D11RHI:    1. 'Microsoft Basic Render Driver' (Feature Level 11_0)
[2019.02.18-17.35.44:067][  0]LogD3D11RHI:       0/0/4067 MB DedicatedVideo/DedicatedSystem/SharedSystem, Outputs:0, VendorId:0x1414
[2019.02.18-17.35.44:067][  0]LogD3D11RHI: Chosen D3D11 Adapter: 0
[2019.02.18-17.35.44:073][  0]LogD3D11RHI: Creating new Direct3DDevice
[2019.02.18-17.35.44:073][  0]LogD3D11RHI:     GPU DeviceId: 0x1c82 (for the marketing name, search the web for "GPU Device Id")
[2019.02.18-17.35.44:073][  0]LogWindows: EnumDisplayDevices:
[2019.02.18-17.35.44:073][  0]LogWindows:    0. 'NVIDIA GeForce GTX 1050 Ti' (P:1 D:1)
[2019.02.18-17.35.44:073][  0]LogWindows:    1. 'NVIDIA GeForce GTX 1050 Ti' (P:0 D:0)
[2019.02.18-17.35.44:073][  0]LogWindows:    2. 'NVIDIA GeForce GTX 1050 Ti' (P:0 D:0)
[2019.02.18-17.35.44:073][  0]LogWindows:    3. 'NVIDIA GeForce GTX 1050 Ti' (P:0 D:0)
[2019.02.18-17.35.44:074][  0]LogWindows: DebugString: FoundDriverCount:4 
[2019.02.18-17.35.44:074][  0]LogD3D11RHI:     Adapter Name: NVIDIA GeForce GTX 1050 Ti
[2019.02.18-17.35.44:074][  0]LogD3D11RHI:   Driver Version: 399.07 (internal:24.21.13.9907, unified:399.07)
[2019.02.18-17.35.44:074][  0]LogD3D11RHI:      Driver Date: 8-21-2018
[2019.02.18-17.35.44:074][  0]LogRHI: Texture pool is 2812 MB (70% of 4018 MB)
[2019.02.18-17.35.44:103][  0]LogD3D11RHI: Async texture creation enabled
[2019.02.18-17.35.44:121][  0]LogD3D11RHI: GPU Timing Frequency: 1000.000000 (Debug: 2 2)
[2019.02.18-17.35.44:167][  0]LogShaderCompilers: Guid format shader working directory is -5 characters bigger than the processId version (../../../../../../Workspace/GIT-RPG-KKM/RPG-OW/rpg_ow/Intermediate/Shaders/WorkingDirectory/11304/).
[2019.02.18-17.35.44:167][  0]LogShaderCompilers: Cleaned the shader compiler working directory 'C:/Users/Skiadrum/AppData/Local/Temp/UnrealShaderWorkingDir/840FFCA04556649E38BD6FB89DC1895E/'.
[2019.02.18-17.35.44:420][  0]LogTemp: Display: Loaded TP AllDesktopTargetPlatform
[2019.02.18-17.35.44:430][  0]LogTemp: Display: Loaded TP MacClientTargetPlatform
[2019.02.18-17.35.44:441][  0]LogTemp: Display: Loaded TP MacNoEditorTargetPlatform
[2019.02.18-17.35.44:451][  0]LogTemp: Display: Loaded TP MacServerTargetPlatform
[2019.02.18-17.35.44:461][  0]LogTemp: Display: Loaded TP MacTargetPlatform
[2019.02.18-17.35.44:473][  0]LogTemp: Display: Loaded TP WindowsClientTargetPlatform
[2019.02.18-17.35.44:482][  0]LogTemp: Display: Loaded TP WindowsNoEditorTargetPlatform
[2019.02.18-17.35.44:492][  0]LogTemp: Display: Loaded TP WindowsServerTargetPlatform
[2019.02.18-17.35.44:497][  0]LogTemp: Display: Loaded TP WindowsTargetPlatform
[2019.02.18-17.35.44:562][  0]LogTemp: Display: Loaded TP AndroidTargetPlatform
[2019.02.18-17.35.44:562][  0]LogTemp: Display: Loaded TP AndroidTargetPlatform
[2019.02.18-17.35.44:562][  0]LogTemp: Display: Loaded TP AndroidTargetPlatform
[2019.02.18-17.35.44:562][  0]LogTemp: Display: Loaded TP AndroidTargetPlatform
[2019.02.18-17.35.44:562][  0]LogTemp: Display: Loaded TP AndroidTargetPlatform
[2019.02.18-17.35.44:562][  0]LogTemp: Display: Loaded TP AndroidTargetPlatform
[2019.02.18-17.35.44:562][  0]LogTemp: Display: Loaded TP AndroidTargetPlatform
[2019.02.18-17.35.44:562][  0]LogTemp: Display: Loaded TP AndroidTargetPlatform
[2019.02.18-17.35.44:562][  0]LogTemp: Display: Loaded TP AndroidTargetPlatform
[2019.02.18-17.35.44:562][  0]LogTemp: Display: Loaded TP AndroidTargetPlatform
[2019.02.18-17.35.44:562][  0]LogTemp: Display: Loaded TP AndroidTargetPlatform
[2019.02.18-17.35.44:562][  0]LogTemp: Display: Loaded TP AndroidTargetPlatform
[2019.02.18-17.35.44:562][  0]LogTemp: Display: Loaded TP AndroidTargetPlatform
[2019.02.18-17.35.44:562][  0]LogTemp: Display: Loaded TP AndroidTargetPlatform
[2019.02.18-17.35.44:562][  0]LogTemp: Display: Loaded TP AndroidTargetPlatform
[2019.02.18-17.35.44:563][  0]LogTemp: Display: Loaded TP AndroidTargetPlatform
[2019.02.18-17.35.44:563][  0]LogTemp: Display: Loaded TP AndroidTargetPlatform
[2019.02.18-17.35.44:563][  0]LogTemp: Display: Loaded TP AndroidTargetPlatform
[2019.02.18-17.35.44:563][  0]LogTemp: Display: Loaded TP HTML5TargetPlatform
[2019.02.18-17.35.44:617][  0]LogTemp: Display: Loaded TP IOSTargetPlatform
[2019.02.18-17.35.44:617][  0]LogTemp: Display: Loaded TP IOSTargetPlatform
[2019.02.18-17.35.44:635][  0]LogTemp: Display: Loaded TP TVOSTargetPlatform
[2019.02.18-17.35.44:635][  0]LogTemp: Display: Loaded TP TVOSTargetPlatform
[2019.02.18-17.35.44:645][  0]LogTemp: Display: Loaded TP LinuxClientTargetPlatform
[2019.02.18-17.35.44:654][  0]LogTemp: Display: Loaded TP LinuxNoEditorTargetPlatform
[2019.02.18-17.35.44:664][  0]LogTemp: Display: Loaded TP LinuxServerTargetPlatform
[2019.02.18-17.35.44:673][  0]LogTemp: Display: Loaded TP LinuxTargetPlatform
[2019.02.18-17.35.44:680][  0]LogTemp: Display: Loaded TP LuminTargetPlatform
[2019.02.18-17.35.44:681][  0]LogTargetPlatformManager: Display: Building Assets For Windows
[2019.02.18-17.35.44:716][  0]LogXGEController: Cleaning working directory: C:/Users/Skiadrum/AppData/Local/Temp/UnrealXGEWorkingDir/
[2019.02.18-17.35.44:716][  0]LogXGEController: Cannot use XGE Controller as Incredibuild is not installed on this machine.
[2019.02.18-17.35.44:716][  0]LogShaderCompilers: Cannot use XGE Shader Compiler as Incredibuild is not installed on this machine.
[2019.02.18-17.35.44:716][  0]LogShaderCompilers: Display: Using Local Shader Compiler.
[2019.02.18-17.35.45:275][  0]LogDerivedDataCache: Display: Max Cache Size: 512 MB
[2019.02.18-17.35.45:326][  0]LogDerivedDataCache: Loaded boot cache 0.05s 71MB C:/Users/Skiadrum/AppData/Local/UnrealEngine/4.20/DerivedDataCache/Boot.ddc.
[2019.02.18-17.35.45:326][  0]LogDerivedDataCache: Display: Loaded Boot cache: C:/Users/Skiadrum/AppData/Local/UnrealEngine/4.20/DerivedDataCache/Boot.ddc
[2019.02.18-17.35.45:326][  0]LogDerivedDataCache: FDerivedDataBackendGraph:  Pak pak cache file ../../../../../../Workspace/GIT-RPG-KKM/RPG-OW/rpg_ow/DerivedDataCache/DDC.ddp not found, will not use a pak cache.
[2019.02.18-17.35.45:327][  0]LogDerivedDataCache: Unable to find inner node Pak for hierarchical cache Hierarchy.
[2019.02.18-17.35.45:327][  0]LogDerivedDataCache: FDerivedDataBackendGraph:  CompressedPak pak cache file ../../../../../../Workspace/GIT-RPG-KKM/RPG-OW/rpg_ow/DerivedDataCache/Compressed.ddp not found, will not use a pak cache.
[2019.02.18-17.35.45:327][  0]LogDerivedDataCache: Unable to find inner node CompressedPak for hierarchical cache Hierarchy.
[2019.02.18-17.35.45:337][  0]LogDerivedDataCache: Display: Pak cache opened for reading ../../../Engine/DerivedDataCache/Compressed.ddp.
[2019.02.18-17.35.45:349][  0]LogDerivedDataCache: Using Local data cache path C:/Users/Skiadrum/AppData/Local/UnrealEngine/Common/DerivedDataCache: Writable
[2019.02.18-17.35.45:349][  0]LogDerivedDataCache: Shared data cache path not found in *engine.ini, will not use an Shared cache.
[2019.02.18-17.35.45:349][  0]LogDerivedDataCache: Unable to find inner node Shared for hierarchical cache Hierarchy.
[2019.02.18-17.35.45:363][  0]LogMaterial: Verifying Global Shaders for PCD3D_SM5
[2019.02.18-17.35.45:365][  0]LogSlate: Using FreeType 2.6.0
[2019.02.18-17.35.45:380][  0]LogSlate: SlateFontServices - WITH_FREETYPE: 1, WITH_HARFBUZZ: 1
[2019.02.18-17.35.45:780][  0]LogAssetRegistry: FAssetRegistry took 0.0248 seconds to start up
[2019.02.18-17.35.46:023][  0]LogInit: Selected Device Profile: [Windows]
[2019.02.18-17.35.46:076][  0]LogSimplygon: Simplygon DLL not present - disabling.
[2019.02.18-17.35.46:078][  0]LogMeshReduction: Using SimplygonSwarm for distributed automatic mesh merging
[2019.02.18-17.35.46:078][  0]LogMeshReduction: Using ProxyLODMeshReduction for automatic mesh merging
[2019.02.18-17.35.46:078][  0]LogMeshReduction: Using QuadricMeshReduction for automatic static mesh reduction
[2019.02.18-17.35.46:078][  0]LogMeshReduction: No automatic skeletal mesh reduction module available
[2019.02.18-17.35.46:155][  0]LogNetVersion: rpg_ow 1.0.0, NetCL: 4212847, EngineNetVer: 5, GameNetVer: 0 (Checksum: 4200784739)
[2019.02.18-17.35.46:565][  0]LogPackageLocalizationCache: Processed 11 localized package path(s) for 2 prioritized culture(s) in 0.069471 seconds
[2019.02.18-17.35.46:571][  0]LogUObjectArray: 38425 objects as part of root set at end of initial load.
[2019.02.18-17.35.46:571][  0]LogUObjectAllocator: 6690872 out of 0 bytes used by permanent object pool.
[2019.02.18-17.35.46:571][  0]LogUObjectArray: CloseDisregardForGC: 0/0 objects in disregard for GC pool
[2019.02.18-17.35.52:669][  0]LogTcpMessaging: Initializing TcpMessaging bridge
[2019.02.18-17.35.52:682][  0]LogUdpMessaging: Initializing bridge on interface 0.0.0.0:0 to multicast group 230.0.0.1:6666.
[2019.02.18-17.35.52:877][  0]SourceControl: Source control is disabled
[2019.02.18-17.35.52:877][  0]SourceControl: Source control is disabled
[2019.02.18-17.35.52:878][  0]SourceControl: Source control is disabled
[2019.02.18-17.35.52:878][  0]SourceControl: Source control is disabled
[2019.02.18-17.35.53:077][  0]LogAndroidPermission: UAndroidPermissionCallbackProxy::GetInstance
[2019.02.18-17.35.53:150][  0]LogOcInput: OculusInput pre-init called
[2019.02.18-17.35.53:208][  0]LogEngine: Initializing Engine...
[2019.02.18-17.35.53:209][  0]LogHMD: Failed to initialize OpenVR with code 110
[2019.02.18-17.35.53:209][  0]LogStats: UGameplayTagsManager::ConstructGameplayTagTree: ImportINI prefixes -  0.000 s
[2019.02.18-17.35.53:209][  0]LogStats: UGameplayTagsManager::ConstructGameplayTagTree: Construct from data asset -  0.000 s
[2019.02.18-17.35.53:210][  0]LogStats: UGameplayTagsManager::ConstructGameplayTagTree: ImportINI -  0.000 s
[2019.02.18-17.35.53:210][  0]LogStats: UGameplayTagsManager::ConstructGameplayTagTree: GameplayTagTreeChangedEvent.Broadcast -  0.000 s
[2019.02.18-17.35.53:636][  0]LogInit: Initializing FReadOnlyCVARCache
[2019.02.18-17.35.53:643][  0]LogAIModule: Creating AISystem for world Untitled
[2019.02.18-17.35.53:667][  0]LogInit: XAudio2 using 'Głośniki (Realtek High Definition Audio)' : 2 channels at 48 kHz using 32 bits per sample (channel mask 0x3)
[2019.02.18-17.35.53:682][  0]LogInit: FAudioDevice initialized.
[2019.02.18-17.35.53:682][  0]LogNetVersion: Set ProjectVersion to 1.0.0.0. Version Checksum will be recalculated on next use.
[2019.02.18-17.35.54:348][  0]LogDerivedDataCache: Saved boot cache 0.67s 71MB C:/Users/Skiadrum/AppData/Local/UnrealEngine/4.20/DerivedDataCache/Boot.ddc.
[2019.02.18-17.35.54:358][  0]LogInit: Texture streaming: Enabled
[2019.02.18-17.35.54:367][  0]LogEngineSessionManager: EngineSessionManager initialized
[2019.02.18-17.35.54:375][  0]LogInit: Transaction tracking system initialized
[2019.02.18-17.35.54:387][  0]BlueprintLog: New page: Editor Load
[2019.02.18-17.35.54:441][  0]LocalizationService: Localization service is disabled
[2019.02.18-17.35.54:898][  0]LogCook: Display: Max memory allowance for cook 16384mb min free memory 0mb
[2019.02.18-17.35.54:898][  0]LogCook: Display: Mobile HDR setting 1
[2019.02.18-17.35.54:898][  0]LogGameplayTags: Display: UGameplayTagsManager::DoneAddingNativeTags. DelegateIsBound: 0
[2019.02.18-17.35.54:898][  0]LogStats: UGameplayTagsManager::ConstructGameplayTagTree: ImportINI prefixes -  0.000 s
[2019.02.18-17.35.54:898][  0]LogStats: UGameplayTagsManager::ConstructGameplayTagTree: Construct from data asset -  0.000 s
[2019.02.18-17.35.54:898][  0]LogStats: UGameplayTagsManager::ConstructGameplayTagTree: ImportINI -  0.000 s
[2019.02.18-17.35.54:898][  0]LogStats: UGameplayTagsManager::ConstructGameplayTagTree: GameplayTagTreeChangedEvent.Broadcast -  0.000 s
[2019.02.18-17.35.55:233][  0]LogFileCache: Scanning file cache for directory 'D:/Workspace/GIT-RPG-KKM/RPG-OW/rpg_ow/Content/' took 0.01s
[2019.02.18-17.35.55:233][  0]SourceControl: Source control is disabled
[2019.02.18-17.35.55:233][  0]Cmd: MAP LOAD FILE="../../../../../../Workspace/GIT-RPG-KKM/RPG-OW/rpg_ow/Content/ThirdPersonBP/Maps/ThirdPersonExampleMap.umap" TEMPLATE=0 SHOWPROGRESS=1 FEATURELEVEL=3
[2019.02.18-17.35.55:234][  0]LightingResults: New page: Lighting Build
[2019.02.18-17.35.55:235][  0]MapCheck: New page: Map Check
[2019.02.18-17.35.55:235][  0]LightingResults: New page: Lighting Build
[2019.02.18-17.35.55:963][  0]LogAIModule: Creating AISystem for world ThirdPersonExampleMap
[2019.02.18-17.35.57:008][  0]LogEditorServer: Finished looking for orphan Actors (0.000 secs)
[2019.02.18-17.35.57:029][  0]Cmd: MAP CHECKDEP NOCLEARLOG
[2019.02.18-17.35.57:075][  0]MapCheck: Map check complete: 0 Error(s), 0 Warning(s), took 44,959ms to complete.
[2019.02.18-17.35.57:075][  0]LogFileHelpers: Loading map 'ThirdPersonExampleMap' took 1.841
[2019.02.18-17.35.57:177][  0]LogSlate: Updating window title bar state: overlay mode, drag disabled, window buttons hidden, title bar hidden
[2019.02.18-17.35.57:183][  0]LogSlate: Updating window title bar state: overlay mode, drag disabled, window buttons hidden, title bar hidden
[2019.02.18-17.35.57:189][  0]LogSlate: Updating window title bar state: overlay mode, drag disabled, window buttons hidden, title bar hidden
[2019.02.18-17.35.57:195][  0]LogSlate: Updating window title bar state: overlay mode, drag disabled, window buttons hidden, title bar hidden
[2019.02.18-17.35.57:199][  0]LogCollectionManager: Loaded 0 collections in 0.000679 seconds
[2019.02.18-17.35.57:236][  0]LogFileCache: Scanning file cache for directory 'D:/Workspace/GIT-RPG-KKM/RPG-OW/rpg_ow/Saved/Collections/' took 0.01s
[2019.02.18-17.35.57:236][  0]LogFileCache: Scanning file cache for directory 'D:/Workspace/GIT-RPG-KKM/RPG-OW/rpg_ow/Content/Developers/Skiadrum/Collections/' took 0.01s
[2019.02.18-17.35.57:236][  0]LogFileCache: Scanning file cache for directory 'D:/Workspace/GIT-RPG-KKM/RPG-OW/rpg_ow/Content/Collections/' took 0.01s
[2019.02.18-17.35.57:236][  0]LogCollectionManager: Rebuilt the GUID cache for 0 collections in 0.000000 seconds
[2019.02.18-17.35.57:244][  0]LogContentBrowser: Native class hierarchy populated in 0.0074 seconds. Added 2572 classes and 603 folders.
[2019.02.18-17.35.57:247][  0]LogContentBrowser: Native class hierarchy updated for 'WidgetCarousel' in 0.0002 seconds. Added 0 classes and 0 folders.
[2019.02.18-17.35.58:013][  0]LogContentBrowser: Native class hierarchy updated for 'AddContentDialog' in 0.0002 seconds. Added 0 classes and 0 folders.
[2019.02.18-17.35.58:016][  0]LogContentBrowser: Native class hierarchy updated for 'SceneOutliner' in 0.0002 seconds. Added 1 classes and 2 folders.
[2019.02.18-17.35.58:029][  0]LogSlate: Took 0.000158 seconds to synchronously load lazily loaded font '../../../Engine/Content/Slate/Fonts/Roboto-Regular.ttf' (155K)
[2019.02.18-17.35.58:030][  0]LogSlate: Took 0.000133 seconds to synchronously load lazily loaded font '../../../Engine/Content/Slate/Fonts/Roboto-Bold.ttf' (160K)
[2019.02.18-17.35.58:060][  0]LogSlate: Took 0.025842 seconds to synchronously load lazily loaded font '../../../Engine/Content/Editor/Slate/Fonts/FontAwesome.ttf' (139K)
[2019.02.18-17.35.58:176][  0]LogRenderer: Reallocating scene render targets to support 1004x456 Format 10 NumSamples 1 (Frame:1).
[2019.02.18-17.35.58:317][  0]LogContentBrowser: Native class hierarchy updated for 'HierarchicalLODOutliner' in 0.0003 seconds. Added 0 classes and 0 folders.
[2019.02.18-17.35.58:317][  0]LogLoad: (Engine Initialization) Total time: 15.73 seconds
[2019.02.18-17.35.58:317][  0]LogLoad: (Engine Initialization) Total Blueprint compile time: 0.00 seconds
[2019.02.18-17.35.58:327][  0]LogWindowsTextInputMethodSystem: Display: IME system now deactivated.
[2019.02.18-17.35.58:346][  0]LogContentStreaming: Texture pool size now 1000 MB
[2019.02.18-17.35.59:036][  0]LogSlate: Took 0.000140 seconds to synchronously load lazily loaded font '../../../Engine/Content/Slate/Fonts/Roboto-Light.ttf' (167K)
[2019.02.18-17.35.59:049][  1]LogAssetRegistry: Asset discovery search completed in 13.2920 seconds
[2019.02.18-17.35.59:051][  1]LogCollectionManager: Rebuilt the object cache for 0 collections in 0.000000 seconds (found 0 objects)
[2019.02.18-17.35.59:051][  1]LogCollectionManager: Fixed up redirectors for 0 collections in 0.000037 seconds (updated 0 objects)
[2019.02.18-17.36.03:707][497]LogSlate: FSceneViewport::OnFocusLost() reason 0
[2019.02.18-17.36.05:990][765]LogSlate: Took 0.000142 seconds to synchronously load lazily loaded font '../../../Engine/Content/Slate/Fonts/Roboto-Light.ttf' (167K)
[2019.02.18-17.36.05:994][765]LogAssetEditorManager: Opening Asset editor for Material /Game/PhotoR_Backgrounds/Materials/afghan_terrain.afghan_terrain
[2019.02.18-17.36.06:007][765]LogMaterial: Display: Missing cached shader map for material afghan_terrain, compiling. 
[2019.02.18-17.36.06:304][765]LogMaterial: Display: Missing cached shader map for material afghan_terrain, compiling. 
[2019.02.18-17.36.06:367][765]LogMaterial: Display: Missing cached shader map for material afghan_terrain, compiling. 
[2019.02.18-17.36.06:397][765]LogShaderCompilers: Display: Shaders left to compile 30
[2019.02.18-17.36.06:397][765]LogShaderCompilers: Display: Shaders left to compile 29
[2019.02.18-17.36.06:431][765]LogMaterial: Display: Missing cached shader map for material FMatExpressionPreview MaterialExpressionTextureSample_49, compiling. 
[2019.02.18-17.36.06:448][765]LogMaterial: Display: Missing cached shader map for material FMatExpressionPreview MaterialExpressionTextureSample_50, compiling. 
[2019.02.18-17.36.06:453][765]LogMaterial: Display: Missing cached shader map for material FMatExpressionPreview MaterialExpressionTextureSample_51, compiling. 
[2019.02.18-17.36.06:457][765]LogMaterial: Display: Missing cached shader map for material FMatExpressionPreview MaterialExpressionTextureSample_52, compiling. 
[2019.02.18-17.36.06:461][765]LogMaterial: Display: Missing cached shader map for material FMatExpressionPreview MaterialExpressionTextureSample_53, compiling. 
[2019.02.18-17.36.06:464][765]LogMaterial: Display: Missing cached shader map for material FMatExpressionPreview MaterialExpressionTextureSample_23, compiling. 
[2019.02.18-17.36.06:468][765]LogMaterial: Display: Missing cached shader map for material FMatExpressionPreview MaterialExpressionTextureSample_38, compiling. 
[2019.02.18-17.36.06:485][765]LogMaterial: Display: Missing cached shader map for material FMatExpressionPreview MaterialExpressionTextureSample_39, compiling. 
[2019.02.18-17.36.06:490][765]LogMaterial: Display: Missing cached shader map for material FMatExpressionPreview MaterialExpressionTextureSample_40, compiling. 
[2019.02.18-17.36.06:493][765]LogMaterial: Display: Missing cached shader map for material FMatExpressionPreview MaterialExpressionTextureSample_41, compiling. 
[2019.02.18-17.36.06:522][765]LogMaterial: Display: Missing cached shader map for material FMatExpressionPreview MaterialExpressionConstant3Vector_4, compiling. 
[2019.02.18-17.36.06:526][765]LogMaterial: Display: Missing cached shader map for material FMatExpressionPreview MaterialExpressionLandscapeLayerCoords_2, compiling. 
[2019.02.18-17.36.06:530][765]LogMaterial: Display: Missing cached shader map for material FMatExpressionPreview MaterialExpressionLandscapeLayerCoords_5, compiling. 
[2019.02.18-17.36.06:572][765]LogSlate: Took 0.017910 seconds to synchronously load lazily loaded font '../../../Engine/Content/Slate/Fonts/Roboto-BoldCondensed.ttf' (158K)
[2019.02.18-17.36.06:923][785]LogShaderCompilers: Display: Shaders left to compile 54
[2019.02.18-17.36.06:930][786]LogShaderCompilers: Display: Shaders left to compile 53
[2019.02.18-17.36.07:071][801]LogShaderCompilers: Display: Shaders left to compile 52
[2019.02.18-17.36.07:129][807]LogShaderCompilers: Display: Shaders left to compile 51
[2019.02.18-17.36.07:207][815]LogShaderCompilers: Display: Shaders left to compile 50
[2019.02.18-17.36.07:286][823]LogShaderCompilers: Display: Shaders left to compile 49
[2019.02.18-17.36.07:334][828]LogShaderCompilers: Display: Shaders left to compile 48
[2019.02.18-17.36.07:397][834]LogShaderCompilers: Display: Shaders left to compile 47
[2019.02.18-17.36.07:450][839]LogShaderCompilers: Display: Shaders left to compile 46
[2019.02.18-17.36.07:715][867]LogShaderCompilers: Display: Shaders left to compile 45
[2019.02.18-17.36.07:791][876]LogShaderCompilers: Display: Shaders left to compile 44
[2019.02.18-17.36.07:875][886]LogShaderCompilers: Display: Shaders left to compile 43
[2019.02.18-17.36.08:088][907]LogShaderCompilers: Display: Shaders left to compile 42
[2019.02.18-17.36.08:201][918]LogShaderCompilers: Display: Shaders left to compile 41
[2019.02.18-17.36.08:270][926]LogShaderCompilers: Display: Shaders left to compile 40
[2019.02.18-17.36.08:491][949]LogShaderCompilers: Display: Shaders left to compile 39
[2019.02.18-17.36.08:552][956]LogShaderCompilers: Display: Shaders left to compile 38
[2019.02.18-17.36.08:653][968]LogShaderCompilers: Display: Shaders left to compile 37
[2019.02.18-17.36.08:827][988]LogShaderCompilers: Display: Shaders left to compile 36
[2019.02.18-17.36.08:954][  2]LogShaderCompilers: Display: Shaders left to compile 35
[2019.02.18-17.36.08:992][  6]LogShaderCompilers: Display: Shaders left to compile 34
[2019.02.18-17.36.09:262][ 35]LogShaderCompilers: Display: Shaders left to compile 33
[2019.02.18-17.36.09:307][ 40]LogShaderCompilers: Display: Shaders left to compile 32
[2019.02.18-17.36.09:418][ 51]LogShaderCompilers: Display: Shaders left to compile 31
[2019.02.18-17.36.09:604][ 72]LogShaderCompilers: Display: Shaders left to compile 30
[2019.02.18-17.36.09:739][ 88]LogShaderCompilers: Display: Shaders left to compile 29
[2019.02.18-17.36.09:764][ 91]LogShaderCompilers: Display: Shaders left to compile 28
[2019.02.18-17.36.10:025][120]LogShaderCompilers: Display: Shaders left to compile 27
[2019.02.18-17.36.10:068][125]LogShaderCompilers: Display: Shaders left to compile 26
[2019.02.18-17.36.10:188][137]LogShaderCompilers: Display: Shaders left to compile 25
[2019.02.18-17.36.10:202][138]MaterialEditorStats: Base pass shader: 143 instructions
[2019.02.18-17.36.10:202][138]MaterialEditorStats: Base pass shader with Surface Lightmap: 154 instructions
[2019.02.18-17.36.10:202][138]MaterialEditorStats: Base pass shader with Volumetric Lightmap: 210 instructions
[2019.02.18-17.36.10:202][138]MaterialEditorStats: Base pass vertex shader: 36 instructions
[2019.02.18-17.36.10:202][138]MaterialEditorStats: Texture samplers: 11/16
[2019.02.18-17.36.10:202][138]MaterialEditorStats: Texture Lookups (Est.): VS(0), PS(10)
[2019.02.18-17.36.10:202][138]MaterialEditorStats: User interpolators: 2/4 Scalars (1/4 Vectors) (TexCoords: 2, Custom: 0)
[2019.02.18-17.36.10:285][146]LogShaderCompilers: Display: Shaders left to compile 24
[2019.02.18-17.36.10:351][154]LogShaderCompilers: Display: Shaders left to compile 23
[2019.02.18-17.36.10:510][172]LogShaderCompilers: Display: Shaders left to compile 22
[2019.02.18-17.36.10:624][185]LogShaderCompilers: Display: Shaders left to compile 21
[2019.02.18-17.36.10:717][194]LogShaderCompilers: Display: Shaders left to compile 20
[2019.02.18-17.36.10:792][202]LogShaderCompilers: Display: Shaders left to compile 19
[2019.02.18-17.36.10:974][221]LogShaderCompilers: Display: Shaders left to compile 18
[2019.02.18-17.36.10:985][222]LogShaderCompilers: Display: Shaders left to compile 17
[2019.02.18-17.36.11:190][243]LogShaderCompilers: Display: Shaders left to compile 16
[2019.02.18-17.36.11:240][248]LogShaderCompilers: Display: Shaders left to compile 15
[2019.02.18-17.36.11:425][267]LogShaderCompilers: Display: Shaders left to compile 14
[2019.02.18-17.36.11:458][271]LogShaderCompilers: Display: Shaders left to compile 13
[2019.02.18-17.36.11:629][289]LogShaderCompilers: Display: Shaders left to compile 12
[2019.02.18-17.36.11:645][291]LogShaderCompilers: Display: Shaders left to compile 11
[2019.02.18-17.36.11:812][308]LogShaderCompilers: Display: Shaders left to compile 10
[2019.02.18-17.36.11:847][312]LogShaderCompilers: Display: Shaders left to compile 9
[2019.02.18-17.36.12:038][335]LogShaderCompilers: Display: Shaders left to compile 8
[2019.02.18-17.36.12:046][336]LogShaderCompilers: Display: Shaders left to compile 7
[2019.02.18-17.36.12:239][357]LogShaderCompilers: Display: Shaders left to compile 6
[2019.02.18-17.36.12:255][359]LogShaderCompilers: Display: Shaders left to compile 5
[2019.02.18-17.36.12:416][376]LogShaderCompilers: Display: Shaders left to compile 4
[2019.02.18-17.36.12:447][379]LogShaderCompilers: Display: Shaders left to compile 3
[2019.02.18-17.36.12:613][395]LogShaderCompilers: Display: Shaders left to compile 2
[2019.02.18-17.36.12:625][396]LogShaderCompilers: Display: Shaders left to compile 1
[2019.02.18-17.36.34:033][944]LogMaterial: Display: Missing cached shader map for material afghan_terrain, compiling. 
[2019.02.18-17.36.34:049][944]LogShaderCompilers: Display: Shaders left to compile 30
[2019.02.18-17.36.34:049][944]LogShaderCompilers: Display: Shaders left to compile 29
[2019.02.18-17.36.34:825][ 35]LogShaderCompilers: Display: Shaders left to compile 28
[2019.02.18-17.36.34:875][ 41]LogShaderCompilers: Display: Shaders left to compile 27
[2019.02.18-17.36.34:991][ 55]LogShaderCompilers: Display: Shaders left to compile 26
[2019.02.18-17.36.35:025][ 59]LogShaderCompilers: Display: Shaders left to compile 25
[2019.02.18-17.36.35:143][ 73]LogShaderCompilers: Display: Shaders left to compile 24
[2019.02.18-17.36.35:168][ 76]LogShaderCompilers: Display: Shaders left to compile 23
[2019.02.18-17.36.35:296][ 90]LogShaderCompilers: Display: Shaders left to compile 22
[2019.02.18-17.36.35:413][104]LogShaderCompilers: Display: Shaders left to compile 21
[2019.02.18-17.36.35:488][112]LogShaderCompilers: Display: Shaders left to compile 20
[2019.02.18-17.36.35:943][160]LogShaderCompilers: Display: Shaders left to compile 19
[2019.02.18-17.36.36:006][167]LogShaderCompilers: Display: Shaders left to compile 18
[2019.02.18-17.36.36:260][195]LogShaderCompilers: Display: Shaders left to compile 17
[2019.02.18-17.36.36:320][202]LogShaderCompilers: Display: Shaders left to compile 16
[2019.02.18-17.36.36:527][225]LogShaderCompilers: Display: Shaders left to compile 15
[2019.02.18-17.36.36:612][235]LogShaderCompilers: Display: Shaders left to compile 14
[2019.02.18-17.36.36:855][264]LogShaderCompilers: Display: Shaders left to compile 13
[2019.02.18-17.36.36:994][280]LogShaderCompilers: Display: Shaders left to compile 12
[2019.02.18-17.36.37:123][295]LogShaderCompilers: Display: Shaders left to compile 11
[2019.02.18-17.36.37:347][322]LogShaderCompilers: Display: Shaders left to compile 10
[2019.02.18-17.36.37:515][341]LogShaderCompilers: Display: Shaders left to compile 9
[2019.02.18-17.36.37:600][351]LogShaderCompilers: Display: Shaders left to compile 8
[2019.02.18-17.36.37:916][388]LogShaderCompilers: Display: Shaders left to compile 7
[2019.02.18-17.36.37:948][392]LogShaderCompilers: Display: Shaders left to compile 6
[2019.02.18-17.36.38:109][411]LogShaderCompilers: Display: Shaders left to compile 5
[2019.02.18-17.36.38:441][447]LogShaderCompilers: Display: Shaders left to compile 4
[2019.02.18-17.36.38:492][453]LogShaderCompilers: Display: Shaders left to compile 3
[2019.02.18-17.36.38:632][470]LogShaderCompilers: Display: Shaders left to compile 2
[2019.02.18-17.36.38:850][496]LogShaderCompilers: Display: Shaders left to compile 1
[2019.02.18-17.36.39:071][522]MaterialEditorStats: Base pass shader: 143 instructions
[2019.02.18-17.36.39:071][522]MaterialEditorStats: Base pass shader with Surface Lightmap: 154 instructions
[2019.02.18-17.36.39:071][522]MaterialEditorStats: Base pass shader with Volumetric Lightmap: 210 instructions
[2019.02.18-17.36.39:071][522]MaterialEditorStats: Base pass vertex shader: 36 instructions
[2019.02.18-17.36.39:071][522]MaterialEditorStats: Texture samplers: 11/16
[2019.02.18-17.36.39:071][522]MaterialEditorStats: Texture Lookups (Est.): VS(0), PS(10)
[2019.02.18-17.36.39:071][522]MaterialEditorStats: User interpolators: 2/4 Scalars (1/4 Vectors) (TexCoords: 2, Custom: 0)
[2019.02.18-17.36.39:854][616]LogSlate: Window 'afghan_terrain' being destroyed
[2019.02.18-17.36.39:857][616]LogSlate: Window 'afghan_terrain' being destroyed
[2019.02.18-17.37.14:584][ 56]LogSlate: FSceneViewport::OnFocusLost() reason 0
[2019.02.18-17.37.14:914][ 56]LogSlate: Window 'rpg_ow - Unreal Editor' being destroyed
[2019.02.18-17.37.14:915][ 56]LogWindowsTextInputMethodSystem: Display: IME system now deactivated.
[2019.02.18-17.37.15:063][ 57]Cmd: QUIT_EDITOR
[2019.02.18-17.37.15:105][ 57]LogExit: Preparing to exit.
[2019.02.18-17.37.15:753][ 57]LogExit: Editor shut down
[2019.02.18-17.37.15:753][ 57]LogExit: Transaction tracking system shut down
[2019.02.18-17.37.16:137][ 57]LogExit: Object subsystem successfully closed.
[2019.02.18-17.37.16:149][ 57]LogShaderCompilers: Display: Shaders left to compile 0
[2019.02.18-17.37.16:151][ 57]LogD3D11RHI: Shutdown
[2019.02.18-17.37.16:151][ 57]LogD3D11RHI: CleanupD3DDevice
[2019.02.18-17.37.16:152][ 57]LogD3D11RHI: ~FD3D11DynamicRHI
[2019.02.18-17.37.16:161][ 57]LogModuleManager: Shutting down and abandoning module HierarchicalLODOutliner (610)
[2019.02.18-17.37.16:161][ 57]LogModuleManager: Shutting down and abandoning module SceneOutliner (608)
[2019.02.18-17.37.16:161][ 57]LogModuleManager: Shutting down and abandoning module AddContentDialog (606)
[2019.02.18-17.37.16:161][ 57]LogModuleManager: Shutting down and abandoning module WidgetCarousel (605)
[2019.02.18-17.37.16:161][ 57]LogModuleManager: Shutting down and abandoning module EditorWidgets (602)
[2019.02.18-17.37.16:161][ 57]LogModuleManager: Shutting down and abandoning module CollectionManager (600)
[2019.02.18-17.37.16:162][ 57]LogModuleManager: Shutting down and abandoning module StatsViewer (598)
[2019.02.18-17.37.16:162][ 57]LogModuleManager: Shutting down and abandoning module FoliageEdit (596)
[2019.02.18-17.37.16:162][ 57]LogModuleManager: Shutting down and abandoning module LandscapeEditor (594)
[2019.02.18-17.37.16:162][ 57]LogModuleManager: Shutting down and abandoning module MeshPaintMode (592)
[2019.02.18-17.37.16:162][ 57]LogModuleManager: Shutting down and abandoning module SceneDepthPickerMode (590)
[2019.02.18-17.37.16:162][ 57]LogModuleManager: Shutting down and abandoning module ActorPickerMode (588)
[2019.02.18-17.37.16:162][ 57]LogModuleManager: Shutting down and abandoning module GeometryMode (586)
[2019.02.18-17.37.16:162][ 57]LogModuleManager: Shutting down and abandoning module TextureAlignMode (584)
[2019.02.18-17.37.16:162][ 57]LogModuleManager: Shutting down and abandoning module BspMode (582)
[2019.02.18-17.37.16:162][ 57]LogModuleManager: Shutting down and abandoning module PIEPreviewDeviceProfileSelector (580)
[2019.02.18-17.37.16:162][ 57]LogModuleManager: Shutting down and abandoning module SequenceRecorderSections (578)
[2019.02.18-17.37.16:162][ 57]LogModuleManager: Shutting down and abandoning module AutomationWorker (576)
[2019.02.18-17.37.16:162][ 57]LogModuleManager: Shutting down and abandoning module AudioCaptureEditor (574)
[2019.02.18-17.37.16:162][ 57]LogModuleManager: Shutting down and abandoning module SequenceRecorder (573)
[2019.02.18-17.37.16:162][ 57]LogModuleManager: Shutting down and abandoning module MatineeToLevelSequence (570)
[2019.02.18-17.37.16:162][ 57]LogModuleManager: Shutting down and abandoning module LevelSequenceEditor (568)
[2019.02.18-17.37.16:162][ 57]LogModuleManager: Shutting down and abandoning module PlacementMode (567)
[2019.02.18-17.37.16:162][ 57]LogModuleManager: Shutting down and abandoning module MaterialEditor (566)
[2019.02.18-17.37.16:162][ 57]LogModuleManager: Shutting down and abandoning module WmfMediaFactory (562)
[2019.02.18-17.37.16:162][ 57]LogModuleManager: Shutting down and abandoning module WmfMediaEditor (560)
[2019.02.18-17.37.16:162][ 57]LogModuleManager: Shutting down and abandoning module MediaPlayerEditor (558)
[2019.02.18-17.37.16:162][ 57]LogModuleManager: Shutting down and abandoning module OpenExrWrapper (556)
[2019.02.18-17.37.16:162][ 57]LogModuleManager: Shutting down and abandoning module ImgMediaFactory (554)
[2019.02.18-17.37.16:162][ 57]LogModuleManager: Shutting down and abandoning module ImgMediaEditor (552)
[2019.02.18-17.37.16:162][ 57]LogModuleManager: Shutting down and abandoning module AvfMediaFactory (550)
[2019.02.18-17.37.16:162][ 57]LogModuleManager: Shutting down and abandoning module AvfMediaEditor (548)
[2019.02.18-17.37.16:162][ 57]LogModuleManager: Shutting down and abandoning module AndroidMediaFactory (546)
[2019.02.18-17.37.16:162][ 57]LogModuleManager: Shutting down and abandoning module AndroidMediaEditor (544)
[2019.02.18-17.37.16:162][ 57]LogModuleManager: Shutting down and abandoning module MagicLeapCameraPreviewFactory (542)
[2019.02.18-17.37.16:162][ 57]LogModuleManager: Shutting down and abandoning module MagicLeapMediaFactory (540)
[2019.02.18-17.37.16:162][ 57]LogModuleManager: Shutting down and abandoning module MagicLeapMediaEditor (538)
[2019.02.18-17.37.16:162][ 57]LogModuleManager: Shutting down and abandoning module CharacterAI (536)
[2019.02.18-17.37.16:162][ 57]LogModuleManager: Shutting down and abandoning module SmartSnapping (534)
[2019.02.18-17.37.16:162][ 57]LogModuleManager: Shutting down and abandoning module SessionServices (532)
[2019.02.18-17.37.16:162][ 57]LogModuleManager: Shutting down and abandoning module ViewportSnapping (530)
[2019.02.18-17.37.16:162][ 57]LogModuleManager: Shutting down and abandoning module ViewportInteraction (528)
[2019.02.18-17.37.16:162][ 57]LogModuleManager: Shutting down and abandoning module ClothPainter (526)
[2019.02.18-17.37.16:162][ 57]LogModuleManager: Shutting down and abandoning module SkeletalMeshEditor (525)
[2019.02.18-17.37.16:162][ 57]LogModuleManager: Shutting down and abandoning module LogVisualizer (522)
[2019.02.18-17.37.16:162][ 57]LogModuleManager: Shutting down and abandoning module IntroTutorials (520)
[2019.02.18-17.37.16:162][ 57]LogModuleManager: Shutting down and abandoning module GameProjectGeneration (519)
[2019.02.18-17.37.16:162][ 57]LogModuleManager: Shutting down and abandoning module LuminPlatformEditor (516)
[2019.02.18-17.37.16:162][ 57]LogModuleManager: Shutting down and abandoning module IOSPlatformEditor (514)
[2019.02.18-17.37.16:162][ 57]LogModuleManager: Shutting down and abandoning module HTML5PlatformEditor (512)
[2019.02.18-17.37.16:162][ 57]LogModuleManager: Shutting down and abandoning module AndroidPlatformEditor (510)
[2019.02.18-17.37.16:162][ 57]LogModuleManager: Shutting down and abandoning module AndroidDeviceDetection (509)
[2019.02.18-17.37.16:518][ 57]LogModuleManager: Shutting down and abandoning module WindowsPlatformEditor (506)
[2019.02.18-17.37.16:518][ 57]LogModuleManager: Shutting down and abandoning module LuminRuntimeSettings (504)
[2019.02.18-17.37.16:518][ 57]LogModuleManager: Shutting down and abandoning module IOSRuntimeSettings (502)
[2019.02.18-17.37.16:518][ 57]LogModuleManager: Shutting down and abandoning module AndroidRuntimeSettings (500)
[2019.02.18-17.37.16:518][ 57]LogModuleManager: Shutting down and abandoning module InputBindingEditor (498)
[2019.02.18-17.37.16:518][ 57]LogModuleManager: Shutting down and abandoning module MergeActors (496)
[2019.02.18-17.37.16:518][ 57]LogModuleManager: Shutting down and abandoning module LocalizationDashboard (494)
[2019.02.18-17.37.16:518][ 57]LogModuleManager: Shutting down and abandoning module LocalizationService (493)
[2019.02.18-17.37.16:518][ 57]LogModuleManager: Shutting down and abandoning module HardwareTargeting (490)
[2019.02.18-17.37.16:518][ 57]LogModuleManager: Shutting down and abandoning module DeviceProfileEditor (488)
[2019.02.18-17.37.16:518][ 57]LogModuleManager: Shutting down and abandoning module UndoHistory (486)
[2019.02.18-17.37.16:518][ 57]LogModuleManager: Shutting down and abandoning module XmlParser (484)
[2019.02.18-17.37.16:518][ 57]LogModuleManager: Shutting down and abandoning module Blutility (482)
[2019.02.18-17.37.16:518][ 57]LogModuleManager: Shutting down and abandoning module ProjectSettingsViewer (480)
[2019.02.18-17.37.16:518][ 57]LogModuleManager: Shutting down and abandoning module ProjectTargetPlatformEditor (479)
[2019.02.18-17.37.16:518][ 57]LogModuleManager: Shutting down and abandoning module EditorSettingsViewer (476)
[2019.02.18-17.37.16:518][ 57]LogModuleManager: Shutting down and abandoning module SettingsEditor (474)
[2019.02.18-17.37.16:519][ 57]LogModuleManager: Shutting down and abandoning module ProjectLauncher (472)
[2019.02.18-17.37.16:519][ 57]LogModuleManager: Shutting down and abandoning module SessionFrontend (470)
[2019.02.18-17.37.16:519][ 57]LogModuleManager: Shutting down and abandoning module ProfilerClient (468)
[2019.02.18-17.37.16:519][ 57]LogModuleManager: Shutting down and abandoning module DeviceManager (466)
[2019.02.18-17.37.16:519][ 57]LogModuleManager: Shutting down and abandoning module TargetDeviceServices (465)
[2019.02.18-17.37.16:574][ 57]LogModuleManager: Shutting down and abandoning module AutomationController (462)
[2019.02.18-17.37.16:574][ 57]LogModuleManager: Shutting down and abandoning module AutomationWindow (460)
[2019.02.18-17.37.16:574][ 57]LogModuleManager: Shutting down and abandoning module Layers (458)
[2019.02.18-17.37.16:574][ 57]LogModuleManager: Shutting down and abandoning module ComponentVisualizers (456)
[2019.02.18-17.37.16:574][ 57]LogModuleManager: Shutting down and abandoning module DetailCustomizations (454)
[2019.02.18-17.37.16:574][ 57]LogModuleManager: Shutting down and abandoning module PackagesDialog (452)
[2019.02.18-17.37.16:574][ 57]LogModuleManager: Shutting down and abandoning module Persona (450)
[2019.02.18-17.37.16:574][ 57]LogModuleManager: Shutting down and abandoning module AdvancedPreviewScene (449)
[2019.02.18-17.37.16:574][ 57]LogModuleManager: Shutting down and abandoning module AnimGraph (447)
[2019.02.18-17.37.16:574][ 57]LogModuleManager: Shutting down and abandoning module Kismet (444)
[2019.02.18-17.37.16:574][ 57]LogModuleManager: Shutting down and abandoning module GraphEditor (442)
[2019.02.18-17.37.16:574][ 57]LogModuleManager: Shutting down and abandoning module ClassViewer (440)
[2019.02.18-17.37.16:574][ 57]LogModuleManager: Shutting down and abandoning module Toolbox (438)
[2019.02.18-17.37.16:574][ 57]LogModuleManager: Shutting down and abandoning module ModuleUI (436)
[2019.02.18-17.37.16:574][ 57]LogModuleManager: Shutting down and abandoning module MovieSceneTools (434)
[2019.02.18-17.37.16:574][ 57]LogModuleManager: Shutting down and abandoning module OutputLog (432)
[2019.02.18-17.37.16:574][ 57]LogModuleManager: Shutting down and abandoning module GammaUI (430)
[2019.02.18-17.37.16:574][ 57]LogModuleManager: Shutting down and abandoning module Documentation (428)
[2019.02.18-17.37.16:574][ 57]LogModuleManager: Shutting down and abandoning module MovieSceneTracks (426)
[2019.02.18-17.37.16:574][ 57]LogModuleManager: Shutting down and abandoning module MovieScene (424)
[2019.02.18-17.37.16:574][ 57]LogModuleManager: Shutting down and abandoning module StreamingPauseRendering (422)
[2019.02.18-17.37.16:574][ 57]LogModuleManager: Shutting down and abandoning module LauncherPlatform (420)
[2019.02.18-17.37.16:574][ 57]LogModuleManager: Shutting down and abandoning module AnalyticsET (418)
[2019.02.18-17.37.16:574][ 57]LogModuleManager: Shutting down and abandoning module PortalServices (416)
[2019.02.18-17.37.16:574][ 57]LogModuleManager: Shutting down and abandoning module PortalRpc (414)
[2019.02.18-17.37.16:574][ 57]LogModuleManager: Shutting down and abandoning module MessagingRpc (412)
[2019.02.18-17.37.16:574][ 57]LogModuleManager: Shutting down and abandoning module AIModule (410)
[2019.02.18-17.37.16:575][ 57]LogModuleManager: Shutting down and abandoning module GameplayDebugger (409)
[2019.02.18-17.37.16:575][ 57]LogModuleManager: Shutting down and abandoning module AITestSuite (407)
[2019.02.18-17.37.16:575][ 57]LogModuleManager: Shutting down and abandoning module NavigationSystem (405)
[2019.02.18-17.37.16:575][ 57]LogModuleManager: Shutting down and abandoning module DesktopPlatform (402)
[2019.02.18-17.37.16:575][ 57]LogModuleManager: Shutting down and abandoning module ProfilerService (400)
[2019.02.18-17.37.16:826][ 57]LogModuleManager: Shutting down and abandoning module TaskGraph (398)
[2019.02.18-17.37.16:826][ 57]LogModuleManager: Shutting down and abandoning module SteamVRController (396)
[2019.02.18-17.37.16:826][ 57]LogModuleManager: Shutting down and abandoning module ProceduralMeshComponentEditor (394)
[2019.02.18-17.37.16:826][ 57]LogModuleManager: Shutting down and abandoning module ProceduralMeshComponent (392)
[2019.02.18-17.37.16:826][ 57]LogModuleManager: Shutting down and abandoning module OculusInput (390)
[2019.02.18-17.37.16:826][ 57]LogModuleManager: Shutting down and abandoning module MobilePatchingUtils (388)
[2019.02.18-17.37.16:826][ 57]LogModuleManager: Shutting down and abandoning module EditableMesh (386)
[2019.02.18-17.37.16:826][ 57]LogModuleManager: Shutting down and abandoning module CustomMeshComponent (384)
[2019.02.18-17.37.16:826][ 57]LogModuleManager: Shutting down and abandoning module CableComponent (382)
[2019.02.18-17.37.16:826][ 57]LogModuleManager: Shutting down and abandoning module AudioCapture (380)
[2019.02.18-17.37.16:826][ 57]LogModuleManager: Shutting down and abandoning module ArchVisCharacter (378)
[2019.02.18-17.37.16:826][ 57]LogModuleManager: Shutting down and abandoning module AndroidPermission (376)
[2019.02.18-17.37.16:826][ 57]LogModuleManager: Shutting down and abandoning module NUTUnrealEngine4 (374)
[2019.02.18-17.37.16:826][ 57]LogModuleManager: Shutting down and abandoning module NetcodeUnitTest (372)
[2019.02.18-17.37.16:826][ 57]LogModuleManager: Shutting down and abandoning module MediaCompositingEditor (370)
[2019.02.18-17.37.16:826][ 57]LogModuleManager: Shutting down and abandoning module MediaCompositing (368)
[2019.02.18-17.37.16:826][ 57]LogModuleManager: Shutting down and abandoning module LinearTimecode (366)
[2019.02.18-17.37.16:826][ 57]LogModuleManager: Shutting down and abandoning module ImgMedia (364)
[2019.02.18-17.37.16:829][ 57]LogModuleManager: Shutting down and abandoning module HTML5Networking (362)
[2019.02.18-17.37.16:829][ 57]LogModuleManager: Shutting down and abandoning module GeometryCacheTracks (360)
[2019.02.18-17.37.16:829][ 57]LogModuleManager: Shutting down and abandoning module GeometryCacheSequencer (358)
[2019.02.18-17.37.16:829][ 57]LogModuleManager: Shutting down and abandoning module BackChannel (356)
[2019.02.18-17.37.16:829][ 57]LogModuleManager: Shutting down and abandoning module AppleVision (354)
[2019.02.18-17.37.16:829][ 57]LogModuleManager: Shutting down and abandoning module AppleImageUtils (352)
[2019.02.18-17.37.16:829][ 57]LogModuleManager: Shutting down and abandoning module AlembicImporter (350)
[2019.02.18-17.37.16:829][ 57]LogModuleManager: Shutting down and abandoning module AlembicLibrary (349)
[2019.02.18-17.37.16:829][ 57]LogModuleManager: Shutting down and abandoning module GeometryCache (348)
[2019.02.18-17.37.16:829][ 57]LogModuleManager: Shutting down and abandoning module GeometryCacheEd (347)
[2019.02.18-17.37.16:829][ 57]LogModuleManager: Shutting down and abandoning module DatasmithContentEditor (342)
[2019.02.18-17.37.16:829][ 57]LogModuleManager: Shutting down and abandoning module DatasmithContent (340)
[2019.02.18-17.37.16:829][ 57]LogModuleManager: Shutting down and abandoning module SpeedTreeImporter (338)
[2019.02.18-17.37.16:829][ 57]LogModuleManager: Shutting down and abandoning module PluginBrowser (336)
[2019.02.18-17.37.16:829][ 57]LogModuleManager: Shutting down and abandoning module MobileLauncherProfileWizard (334)
[2019.02.18-17.37.16:829][ 57]LogModuleManager: Shutting down and abandoning module PolygonModeling (332)
[2019.02.18-17.37.16:829][ 57]LogModuleManager: Shutting down and abandoning module MeshEditor (330)
[2019.02.18-17.37.16:829][ 57]LogModuleManager: Shutting down and abandoning module CryptoKeysOpenSSL (328)
[2019.02.18-17.37.16:829][ 57]LogModuleManager: Shutting down and abandoning module CryptoKeys (326)
[2019.02.18-17.37.16:829][ 57]LogModuleManager: Shutting down and abandoning module VisualStudioSourceCodeAccess (324)
[2019.02.18-17.37.16:829][ 57]LogModuleManager: Shutting down and abandoning module VisualStudioCodeSourceCodeAccess (322)
[2019.02.18-17.37.16:829][ 57]LogModuleManager: Shutting down and abandoning module UObjectPlugin (320)
[2019.02.18-17.37.16:829][ 57]LogModuleManager: Shutting down and abandoning module SubversionSourceControl (318)
[2019.02.18-17.37.16:829][ 57]LogModuleManager: Shutting down and abandoning module PerforceSourceControl (316)
[2019.02.18-17.37.16:829][ 57]LogModuleManager: Shutting down and abandoning module GitSourceControl (314)
[2019.02.18-17.37.16:829][ 57]LogModuleManager: Shutting down and abandoning module SourceControl (313)
[2019.02.18-17.37.16:829][ 57]LogModuleManager: Shutting down and abandoning module CLionSourceCodeAccess (310)
[2019.02.18-17.37.16:829][ 57]LogModuleManager: Shutting down and abandoning module LightPropagationVolumeEditor (308)
[2019.02.18-17.37.16:829][ 57]LogModuleManager: Shutting down and abandoning module PaperTiledImporter (306)
[2019.02.18-17.37.16:829][ 57]LogModuleManager: Shutting down and abandoning module PaperSpriteSheetImporter (304)
[2019.02.18-17.37.16:829][ 57]LogModuleManager: Shutting down and abandoning module Paper2DEditor (302)
[2019.02.18-17.37.16:829][ 57]LogModuleManager: Shutting down and abandoning module MeshPaint (301)
[2019.02.18-17.37.16:830][ 57]LogModuleManager: Shutting down and abandoning module RuntimePhysXCooking (298)
[2019.02.18-17.37.16:830][ 57]LogModuleManager: Shutting down and abandoning module PhysXVehiclesEditor (296)
[2019.02.18-17.37.16:830][ 57]LogModuleManager: Shutting down and abandoning module PhysXVehicles (294)
[2019.02.18-17.37.16:830][ 57]LogModuleManager: Shutting down and abandoning module OculusEditor (292)
[2019.02.18-17.37.16:830][ 57]LogModuleManager: Shutting down and abandoning module LocationServicesBPLibrary (290)
[2019.02.18-17.37.16:830][ 57]LogModuleManager: Shutting down and abandoning module ImmediatePhysicsEditor (288)
[2019.02.18-17.37.16:830][ 57]LogModuleManager: Shutting down and abandoning module ImmediatePhysics (286)
[2019.02.18-17.37.16:830][ 57]LogModuleManager: Shutting down and abandoning module ActorSequence (284)
[2019.02.18-17.37.16:830][ 57]LogModuleManager: Shutting down and abandoning module UdpMessaging (282)
[2019.02.18-17.37.16:930][ 57]LogModuleManager: Shutting down and abandoning module TcpMessaging (280)
[2019.02.18-17.37.17:031][ 57]LogModuleManager: Shutting down and abandoning module MagicLeapAudio (278)
[2019.02.18-17.37.17:031][ 57]LogModuleManager: Shutting down and abandoning module GameplayTagsEditor (276)
[2019.02.18-17.37.17:031][ 57]LogModuleManager: Shutting down and abandoning module FacialAnimationEditor (274)
[2019.02.18-17.37.17:031][ 57]LogModuleManager: Shutting down and abandoning module FacialAnimation (272)
[2019.02.18-17.37.17:031][ 57]LogModuleManager: Shutting down and abandoning module DataValidation (270)
[2019.02.18-17.37.17:031][ 57]LogModuleManager: Shutting down and abandoning module AssetManagerEditor (268)
[2019.02.18-17.37.17:031][ 57]LogModuleManager: Shutting down and abandoning module LevelEditor (267)
[2019.02.18-17.37.17:031][ 57]LogModuleManager: Shutting down and abandoning module PixelInspectorModule (266)
[2019.02.18-17.37.17:031][ 57]LogModuleManager: Shutting down and abandoning module CommonMenuExtensions (264)
[2019.02.18-17.37.17:031][ 57]LogModuleManager: Shutting down and abandoning module MainFrame (262)
[2019.02.18-17.37.17:031][ 57]LogModuleManager: Shutting down and abandoning module HotReload (261)
[2019.02.18-17.37.17:032][ 57]LogModuleManager: Shutting down and abandoning module ContentBrowser (257)
[2019.02.18-17.37.17:032][ 57]LogModuleManager: Shutting down and abandoning module TreeMap (255)
[2019.02.18-17.37.17:032][ 57]LogModuleManager: Shutting down and abandoning module LightPropagationVolumeRuntime (252)
[2019.02.18-17.37.17:032][ 57]LogModuleManager: Shutting down and abandoning module AISupportModule (250)
[2019.02.18-17.37.17:032][ 57]LogModuleManager: Shutting down and abandoning module Paper2D (248)
[2019.02.18-17.37.17:032][ 57]LogModuleManager: Shutting down and abandoning module WindowsMoviePlayer (246)
[2019.02.18-17.37.17:032][ 57]LogModuleManager: Shutting down and abandoning module WmfMedia (244)
[2019.02.18-17.37.17:033][ 57]LogModuleManager: Shutting down and abandoning module Media (243)
[2019.02.18-17.37.17:039][ 57]LogModuleManager: Shutting down and abandoning module PacketHandler (240)
[2019.02.18-17.37.17:039][ 57]LogModuleManager: Shutting down and abandoning module ClothingSystemEditor (238)
[2019.02.18-17.37.17:039][ 57]LogModuleManager: Shutting down and abandoning module ClothingSystemRuntime (236)
[2019.02.18-17.37.17:039][ 57]LogModuleManager: Shutting down and abandoning module MediaAssets (234)
[2019.02.18-17.37.17:039][ 57]LogModuleManager: Shutting down and abandoning module Overlay (232)
[2019.02.18-17.37.17:039][ 57]LogModuleManager: Shutting down and abandoning module OverlayEditor (231)
[2019.02.18-17.37.17:039][ 57]LogModuleManager: Shutting down and abandoning module VREditor (228)
[2019.02.18-17.37.17:039][ 57]LogModuleManager: Shutting down and abandoning module StringTableEditor (226)
[2019.02.18-17.37.17:039][ 57]LogModuleManager: Shutting down and abandoning module GameplayTasksEditor (224)
[2019.02.18-17.37.17:039][ 57]LogModuleManager: Shutting down and abandoning module BehaviorTreeEditor (222)
[2019.02.18-17.37.17:039][ 57]LogModuleManager: Shutting down and abandoning module FunctionalTesting (220)
[2019.02.18-17.37.17:039][ 57]LogModuleManager: Shutting down and abandoning module CollisionAnalyzer (218)
[2019.02.18-17.37.17:039][ 57]LogModuleManager: Shutting down and abandoning module WorkspaceMenuStructure (217)
[2019.02.18-17.37.17:039][ 57]LogModuleManager: Shutting down and abandoning module UMG (214)
[2019.02.18-17.37.17:039][ 57]LogModuleManager: Shutting down and abandoning module UMGEditor (213)
[2019.02.18-17.37.17:039][ 57]LogModuleManager: Shutting down and abandoning module Sequencer (212)
[2019.02.18-17.37.17:039][ 57]LogModuleManager: Shutting down and abandoning module MessageLog (209)
[2019.02.18-17.37.17:039][ 57]LogModuleManager: Shutting down and abandoning module SlateReflector (204)
[2019.02.18-17.37.17:039][ 57]LogModuleManager: Shutting down and abandoning module Slate (202)
[2019.02.18-17.37.17:039][ 57]LogModuleManager: Shutting down and abandoning module EditorStyle (200)
[2019.02.18-17.37.17:041][ 57]LogModuleManager: Shutting down and abandoning module MRMesh (198)
[2019.02.18-17.37.17:041][ 57]LogModuleManager: Shutting down and abandoning module SourceCodeAccess (196)
[2019.02.18-17.37.17:041][ 57]LogModuleManager: Shutting down and abandoning module HeadMountedDisplay (194)
[2019.02.18-17.37.17:041][ 57]LogModuleManager: Shutting down and abandoning module XAudio2 (192)
[2019.02.18-17.37.17:041][ 57]LogModuleManager: Shutting down and abandoning module Networking (190)
[2019.02.18-17.37.17:041][ 57]LogModuleManager: Shutting down and abandoning module Core (188)
[2019.02.18-17.37.17:041][ 57]LogModuleManager: Shutting down and abandoning module LevelSequence (186)
[2019.02.18-17.37.17:041][ 57]LogModuleManager: Shutting down and abandoning module KismetCompiler (184)
[2019.02.18-17.37.17:041][ 57]LogModuleManager: Shutting down and abandoning module MeshUtilities (182)
[2019.02.18-17.37.17:041][ 57]LogModuleManager: Shutting down and abandoning module MeshMergeUtilities (181)
[2019.02.18-17.37.17:041][ 57]LogModuleManager: Shutting down and abandoning module MeshReductionInterface (180)
[2019.02.18-17.37.17:041][ 57]LogModuleManager: Shutting down and abandoning module SimplygonSwarm (179)
[2019.02.18-17.37.17:041][ 57]LogModuleManager: Shutting down and abandoning module ProxyLODMeshReduction (177)
[2019.02.18-17.37.17:041][ 57]LogModuleManager: Shutting down and abandoning module SimplygonMeshReduction (175)
[2019.02.18-17.37.17:041][ 57]LogModuleManager: Shutting down and abandoning module QuadricMeshReduction (173)
[2019.02.18-17.37.17:041][ 57]LogModuleManager: Shutting down and abandoning module MaterialBaking (169)
[2019.02.18-17.37.17:041][ 57]LogModuleManager: Shutting down and abandoning module DirectoryWatcher (165)
[2019.02.18-17.37.17:041][ 57]LogModuleManager: Shutting down and abandoning module DerivedDataCache (162)
[2019.02.18-17.37.17:456][ 57]LogDerivedDataCache: Shutdown
[2019.02.18-17.37.17:456][ 57]LogModuleManager: Shutting down and abandoning module XGEController (160)
[2019.02.18-17.37.17:456][ 57]LogXGEController: Cleaning working directory: C:/Users/Skiadrum/AppData/Local/Temp/UnrealXGEWorkingDir/
[2019.02.18-17.37.17:456][ 57]LogModuleManager: Shutting down and abandoning module TargetPlatform (158)
[2019.02.18-17.37.17:456][ 57]LogModuleManager: Shutting down and abandoning module VulkanShaderFormat (157)
[2019.02.18-17.37.17:456][ 57]LogModuleManager: Shutting down and abandoning module ShaderFormatVectorVM (155)
[2019.02.18-17.37.17:456][ 57]LogModuleManager: Shutting down and abandoning module ShaderFormatOpenGL (153)
[2019.02.18-17.37.17:456][ 57]LogModuleManager: Shutting down and abandoning module ShaderFormatD3D (151)
[2019.02.18-17.37.17:456][ 57]LogModuleManager: Shutting down and abandoning module MetalShaderFormat (149)
[2019.02.18-17.37.17:456][ 57]LogModuleManager: Shutting down and abandoning module TextureFormatUncompressed (147)
[2019.02.18-17.37.17:456][ 57]LogModuleManager: Shutting down and abandoning module TextureFormatPVR (145)
[2019.02.18-17.37.17:456][ 57]LogModuleManager: Shutting down and abandoning module TextureFormatDXT (143)
[2019.02.18-17.37.17:456][ 57]LogModuleManager: Shutting down and abandoning module TextureFormatIntelISPCTexComp (141)
[2019.02.18-17.37.17:457][ 57]LogModuleManager: Shutting down and abandoning module TextureFormatASTC (139)
[2019.02.18-17.37.17:457][ 57]LogModuleManager: Shutting down and abandoning module ImageWrapper (138)
[2019.02.18-17.37.17:457][ 57]LogModuleManager: Shutting down and abandoning module TextureFormatAndroid (135)
[2019.02.18-17.37.17:457][ 57]LogModuleManager: Shutting down and abandoning module AudioFormatOpus (133)
[2019.02.18-17.37.17:457][ 57]LogModuleManager: Shutting down and abandoning module AudioFormatOgg (131)
[2019.02.18-17.37.17:457][ 57]LogModuleManager: Shutting down and abandoning module AudioFormatADPCM (129)
[2019.02.18-17.37.17:457][ 57]LogModuleManager: Shutting down and abandoning module LuminTargetPlatform (127)
[2019.02.18-17.37.17:457][ 57]LogModuleManager: Shutting down and abandoning module LinuxTargetPlatform (125)
[2019.02.18-17.37.17:457][ 57]LogModuleManager: Shutting down and abandoning module LinuxServerTargetPlatform (123)
[2019.02.18-17.37.17:457][ 57]LogModuleManager: Shutting down and abandoning module LinuxNoEditorTargetPlatform (121)
[2019.02.18-17.37.17:457][ 57]LogModuleManager: Shutting down and abandoning module LinuxClientTargetPlatform (119)
[2019.02.18-17.37.17:457][ 57]LogModuleManager: Shutting down and abandoning module TVOSTargetPlatform (117)
[2019.02.18-17.37.17:457][ 57]LogModuleManager: Shutting down and abandoning module Messaging (115)
[2019.02.18-17.37.17:457][ 57]LogModuleManager: Shutting down and abandoning module IOSTargetPlatform (113)
[2019.02.18-17.37.17:458][ 57]LogModuleManager: Shutting down and abandoning module HTML5TargetPlatform (111)
[2019.02.18-17.37.17:458][ 57]LogModuleManager: Shutting down and abandoning module AndroidTargetPlatform (109)
[2019.02.18-17.37.17:462][ 57]LogModuleManager: Shutting down and abandoning module WindowsTargetPlatform (107)
[2019.02.18-17.37.17:462][ 57]LogModuleManager: Shutting down and abandoning module WindowsServerTargetPlatform (105)
[2019.02.18-17.37.17:462][ 57]LogModuleManager: Shutting down and abandoning module WindowsNoEditorTargetPlatform (103)
[2019.02.18-17.37.17:462][ 57]LogModuleManager: Shutting down and abandoning module WindowsClientTargetPlatform (101)
[2019.02.18-17.37.17:462][ 57]LogModuleManager: Shutting down and abandoning module MacTargetPlatform (99)
[2019.02.18-17.37.17:462][ 57]LogModuleManager: Shutting down and abandoning module MacServerTargetPlatform (97)
[2019.02.18-17.37.17:462][ 57]LogModuleManager: Shutting down and abandoning module MacNoEditorTargetPlatform (95)
[2019.02.18-17.37.17:462][ 57]LogModuleManager: Shutting down and abandoning module MacClientTargetPlatform (93)
[2019.02.18-17.37.17:462][ 57]LogModuleManager: Shutting down and abandoning module AllDesktopTargetPlatform (91)
[2019.02.18-17.37.17:462][ 57]LogModuleManager: Shutting down and abandoning module InputCore (88)
[2019.02.18-17.37.17:462][ 57]LogModuleManager: Shutting down and abandoning module Settings (86)
[2019.02.18-17.37.17:462][ 57]LogModuleManager: Shutting down and abandoning module PhysXCooking (84)
[2019.02.18-17.37.17:462][ 57]LogModuleManager: Shutting down and abandoning module SteamVR (82)
[2019.02.18-17.37.17:462][ 57]LogModuleManager: Shutting down and abandoning module OculusHMD (80)
[2019.02.18-17.37.17:462][ 57]LogModuleManager: Shutting down and abandoning module ExampleDeviceProfileSelector (78)
[2019.02.18-17.37.17:462][ 57]LogModuleManager: Shutting down and abandoning module LauncherChunkInstaller (76)
[2019.02.18-17.37.17:462][ 57]LogModuleManager: Shutting down and abandoning module OnlineBlueprintSupport (74)
[2019.02.18-17.37.17:462][ 57]LogModuleManager: Shutting down and abandoning module OnlineSubsystem (70)
[2019.02.18-17.37.17:463][ 57]LogModuleManager: Shutting down and abandoning module XMPP (65)
[2019.02.18-17.37.17:463][ 57]LogModuleManager: Shutting down and abandoning module WebSockets (64)
[2019.02.18-17.37.17:481][ 57]LogModuleManager: Shutting down and abandoning module HTTP (61)
[2019.02.18-17.37.17:481][ 57]LogHttp: Display: Http module shutting down, but needs to wait on 1 outstanding Http requests:
[2019.02.18-17.37.17:481][ 57]LogHttp: Display: 	verb=[POST] url=[https://datarouter.ol.epicgames.com/datarouter/api/v1/public/data?SessionID=%7B75FB0150-45DA-5011-4204-1EAD5F1D37D3%7D&AppID=UEEditor.Rocket.Release&AppVersion=4.20.2-4302132%2B%2B%2BUE4%2BRelease-4.20&UserID=6bd8fe2c4d2cb4d4fcc576b9831eb385%7C258677976b00414ea3fa4ac13f3f5b57%7C18f52deb-0a57-489d-a8f1-3bf6a2c17a56&AppEnvironment=datacollector-binary&UploadType=eteventstream] status=Processing
[2019.02.18-17.37.17:510][ 57]LogModuleManager: Shutting down and abandoning module SSL (60)
[2019.02.18-17.37.17:511][ 57]LogModuleManager: Shutting down and abandoning module MagicLeapEmulator (56)
[2019.02.18-17.37.17:511][ 57]LogModuleManager: Shutting down and abandoning module MagicLeapPrivileges (54)
[2019.02.18-17.37.17:511][ 57]LogModuleManager: Shutting down and abandoning module MagicLeapIdentity (52)
[2019.02.18-17.37.17:511][ 57]LogModuleManager: Shutting down and abandoning module MagicLeapHelperVulkan (50)
[2019.02.18-17.37.17:511][ 57]LogModuleManager: Shutting down and abandoning module MagicLeapHelperOpenGL (48)
[2019.02.18-17.37.17:511][ 57]LogModuleManager: Shutting down and abandoning module MagicLeapSecureStorage (46)
[2019.02.18-17.37.17:511][ 57]LogModuleManager: Shutting down and abandoning module MagicLeapGestures (44)
[2019.02.18-17.37.17:511][ 57]LogModuleManager: Shutting down and abandoning module MagicLeapEyeTracker (42)
[2019.02.18-17.37.17:511][ 57]LogModuleManager: Shutting down and abandoning module MagicLeapController (40)
[2019.02.18-17.37.17:511][ 57]LogSlate: Slate User Destroyed.  User Index 0, Is Virtual User: 0
[2019.02.18-17.37.17:511][ 57]LogModuleManager: Shutting down and abandoning module MagicLeap (38)
[2019.02.18-17.37.17:511][ 57]LogModuleManager: Shutting down and abandoning module AnimationModifiers (36)
[2019.02.18-17.37.17:511][ 57]LogModuleManager: Shutting down and abandoning module PropertyEditor (35)
[2019.02.18-17.37.17:511][ 57]LogModuleManager: Shutting down and abandoning module AudioEditor (32)
[2019.02.18-17.37.17:512][ 57]LogModuleManager: Shutting down and abandoning module TextureCompressor (30)
[2019.02.18-17.37.17:512][ 57]LogModuleManager: Shutting down and abandoning module ShaderCore (28)
[2019.02.18-17.37.17:512][ 57]LogModuleManager: Shutting down and abandoning module Landscape (26)
[2019.02.18-17.37.17:512][ 57]LogModuleManager: Shutting down and abandoning module SlateRHIRenderer (24)
[2019.02.18-17.37.17:512][ 57]LogModuleManager: Shutting down and abandoning module OpenGLDrv (22)
[2019.02.18-17.37.17:512][ 57]LogModuleManager: Shutting down and abandoning module D3D11RHI (20)
[2019.02.18-17.37.17:512][ 57]LogModuleManager: Shutting down and abandoning module AnimGraphRuntime (18)
[2019.02.18-17.37.17:512][ 57]LogModuleManager: Shutting down and abandoning module Renderer (16)
[2019.02.18-17.37.17:512][ 57]LogModuleManager: Shutting down and abandoning module Engine (14)
[2019.02.18-17.37.17:512][ 57]LogModuleManager: Shutting down and abandoning module CoreUObject (12)
[2019.02.18-17.37.17:512][ 57]LogModuleManager: Shutting down and abandoning module NetworkFile (10)
[2019.02.18-17.37.17:512][ 57]LogModuleManager: Shutting down and abandoning module CookedIterativeFile (8)
[2019.02.18-17.37.17:512][ 57]LogModuleManager: Shutting down and abandoning module StreamingFile (6)
[2019.02.18-17.37.17:512][ 57]LogModuleManager: Shutting down and abandoning module SandboxFile (4)
[2019.02.18-17.37.17:512][ 57]LogModuleManager: Shutting down and abandoning module PakFile (2)
[2019.02.18-17.37.17:516][ 57]LogExit: Exiting.
[2019.02.18-17.37.17:518][ 57]Log file closed, 02/18/19 18:37:17
